#
# There is insufficient memory for the Java Runtime Environment to continue.
# Native memory allocation (malloc) failed to allocate 1515856 bytes. Error detail: Chunk::new
# Possible reasons:
#   The system is out of physical RAM or swap space
#   This process is running with CompressedOops enabled, and the Java Heap may be blocking the growth of the native heap
# Possible solutions:
#   Reduce memory load on the system
#   Increase physical memory or swap space
#   Check if swap backing store is full
#   Decrease Java heap size (-Xmx/-Xms)
#   Decrease number of Java threads
#   Decrease Java thread stack sizes (-Xss)
#   Set larger code cache with -XX:ReservedCodeCacheSize=
#   JVM is running with Unscaled Compressed Oops mode in which the Java heap is
#     placed in the first 4GB address space. The Java Heap base address is the
#     maximum limit for the native heap growth. Please use -XX:HeapBaseMinAddress
#     to set the Java Heap base and to place the Java Heap above 4GB virtual address.
# This output file may be truncated or incomplete.
#
#  Out of Memory Error (arena.cpp:168), pid=24884, tid=9984
#
# JRE version: OpenJDK Runtime Environment Temurin-21.0.5+11 (21.0.5+11) (build 21.0.5+11-LTS)
# Java VM: OpenJDK 64-Bit Server VM Temurin-21.0.5+11 (21.0.5+11-LTS, mixed mode, sharing, tiered, compressed oops, compressed class ptrs, parallel gc, windows-amd64)
# No core dump will be written. Minidumps are not enabled by default on client versions of Windows
#

---------------  S U M M A R Y ------------

Command Line: --add-modules=ALL-SYSTEM --add-opens=java.base/java.util=ALL-UNNAMED --add-opens=java.base/java.lang=ALL-UNNAMED --add-opens=java.base/sun.nio.fs=ALL-UNNAMED -Declipse.application=org.eclipse.jdt.ls.core.id1 -Dosgi.bundles.defaultStartLevel=4 -Declipse.product=org.eclipse.jdt.ls.core.product -Djava.import.generatesMetadataFilesAtProjectRoot=false -DDetectVMInstallationsJob.disabled=true -Dfile.encoding=utf8 -XX:+UseParallelGC -XX:GCTimeRatio=4 -XX:AdaptiveSizePolicyWeight=90 -Dsun.zip.disableMemoryMapping=true -Xmx1G -Xms100m -Xlog:disable -javaagent:c:\Users\yexen\.vscode\extensions\redhat.java-1.39.0-win32-x64\lombok\lombok-1.18.34.jar -XX:+HeapDumpOnOutOfMemoryError -XX:HeapDumpPath=c:\Users\yexen\AppData\Roaming\Code\User\workspaceStorage\b7263e92abe41e80149c4a346658a10c\redhat.java -Daether.dependencyCollector.impl=bf c:\Users\yexen\.vscode\extensions\redhat.java-1.39.0-win32-x64\server\plugins\org.eclipse.equinox.launcher_1.6.900.v20240613-2009.jar -configuration c:\Users\yexen\AppData\Roaming\Code\User\globalStorage\redhat.java\1.39.0\config_win -data c:\Users\yexen\AppData\Roaming\Code\User\workspaceStorage\b7263e92abe41e80149c4a346658a10c\redhat.java\jdt_ws --pipe=\\.\pipe\lsp-3543571fcbed2b2592edb3025b553257-sock

Host: AMD Ryzen 5 5600H with Radeon Graphics         , 12 cores, 15G,  Windows 11 , 64 bit Build 22621 (10.0.22621.4830)
Time: Sat Feb 15 12:09:32 2025 Hora estándar GMT elapsed time: 6.696336 seconds (0d 0h 0m 6s)

---------------  T H R E A D  ---------------

Current thread (0x000002727a05d710):  JavaThread "C2 CompilerThread0" daemon [_thread_in_native, id=9984, stack(0x00000087a5100000,0x00000087a5200000) (1024K)]


Current CompileTask:
C2:6696 4903   !   4       org.eclipse.osgi.internal.loader.classpath.ClasspathManager::findClassImpl (308 bytes)

Stack: [0x00000087a5100000,0x00000087a5200000]
Native frames: (J=compiled Java code, j=interpreted, Vv=VM code, C=native code)
V  [jvm.dll+0x6cd4e9]
V  [jvm.dll+0x8a7941]
V  [jvm.dll+0x8a9e6e]
V  [jvm.dll+0x8aa543]
V  [jvm.dll+0x27f6d6]
V  [jvm.dll+0xc500d]
V  [jvm.dll+0xc5543]
V  [jvm.dll+0x3b65d2]
V  [jvm.dll+0x1dffe9]
V  [jvm.dll+0x247b22]
V  [jvm.dll+0x246faf]
V  [jvm.dll+0x1c75ce]
V  [jvm.dll+0x25682a]
V  [jvm.dll+0x254dca]
V  [jvm.dll+0x3f00d6]
V  [jvm.dll+0x8514fb]
V  [jvm.dll+0x6cbbed]
C  [ucrtbase.dll+0x29333]
C  [KERNEL32.DLL+0x1259d]
C  [ntdll.dll+0x5af38]


---------------  P R O C E S S  ---------------

Threads class SMR info:
_java_thread_list=0x00000272587dc110, length=45, elements={
0x0000027279fb4410, 0x000002727a0543a0, 0x000002727f4fc480, 0x000002727f4fe730,
0x000002727a055600, 0x000002727a058520, 0x000002727a05a180, 0x000002727a05d710,
0x0000027250a0f700, 0x0000027250aa8640, 0x0000027250cd27c0, 0x000002725694a860,
0x0000027256a900e0, 0x0000027256657b50, 0x00000272566591a0, 0x0000027256f79410,
0x0000027256eee6b0, 0x0000027256f48850, 0x0000027256ff0bf0, 0x0000027256fefed0,
0x0000027256ff0560, 0x0000027256fef840, 0x00000272577a8930, 0x00000272570bc920,
0x0000027256ff1280, 0x0000027256fede00, 0x0000027256fee490, 0x0000027256feeb20,
0x0000027256fef1b0, 0x0000027258ff7010, 0x0000027258ff76a0, 0x0000027258ff3b90,
0x0000027258ff48b0, 0x0000027258ff4220, 0x0000027258ff4f40, 0x0000027258ff7d30,
0x0000027258ff9e00, 0x0000027258ff2e70, 0x0000027258ff83c0, 0x0000027258ff8a50,
0x0000027258ff5c60, 0x0000027258ff62f0, 0x0000027258ff55d0, 0x0000027258ff6980,
0x0000027258ff9770
}

Java Threads: ( => current thread )
  0x0000027279fb4410 JavaThread "main"                              [_thread_blocked, id=14256, stack(0x00000087a4700000,0x00000087a4800000) (1024K)]
  0x000002727a0543a0 JavaThread "Reference Handler"          daemon [_thread_blocked, id=25356, stack(0x00000087a4b00000,0x00000087a4c00000) (1024K)]
  0x000002727f4fc480 JavaThread "Finalizer"                  daemon [_thread_blocked, id=21380, stack(0x00000087a4c00000,0x00000087a4d00000) (1024K)]
  0x000002727f4fe730 JavaThread "Signal Dispatcher"          daemon [_thread_blocked, id=24044, stack(0x00000087a4d00000,0x00000087a4e00000) (1024K)]
  0x000002727a055600 JavaThread "Attach Listener"            daemon [_thread_blocked, id=21640, stack(0x00000087a4e00000,0x00000087a4f00000) (1024K)]
  0x000002727a058520 JavaThread "Service Thread"             daemon [_thread_blocked, id=17892, stack(0x00000087a4f00000,0x00000087a5000000) (1024K)]
  0x000002727a05a180 JavaThread "Monitor Deflation Thread"   daemon [_thread_blocked, id=8844, stack(0x00000087a5000000,0x00000087a5100000) (1024K)]
=>0x000002727a05d710 JavaThread "C2 CompilerThread0"         daemon [_thread_in_native, id=9984, stack(0x00000087a5100000,0x00000087a5200000) (1024K)]
  0x0000027250a0f700 JavaThread "C1 CompilerThread0"         daemon [_thread_blocked, id=25156, stack(0x00000087a5200000,0x00000087a5300000) (1024K)]
  0x0000027250aa8640 JavaThread "Common-Cleaner"             daemon [_thread_blocked, id=25360, stack(0x00000087a5300000,0x00000087a5400000) (1024K)]
  0x0000027250cd27c0 JavaThread "Notification Thread"        daemon [_thread_blocked, id=13708, stack(0x00000087a5500000,0x00000087a5600000) (1024K)]
  0x000002725694a860 JavaThread "Active Thread: Equinox Container: 0855d413-dd50-4085-8cff-4fe992a354ba"        [_thread_blocked, id=16944, stack(0x00000087a5d00000,0x00000087a5e00000) (1024K)]
  0x0000027256a900e0 JavaThread "Refresh Thread: Equinox Container: 0855d413-dd50-4085-8cff-4fe992a354ba" daemon [_thread_blocked, id=15320, stack(0x00000087a5e00000,0x00000087a5f00000) (1024K)]
  0x0000027256657b50 JavaThread "Framework Event Dispatcher: Equinox Container: 0855d413-dd50-4085-8cff-4fe992a354ba" daemon [_thread_blocked, id=25468, stack(0x00000087a6000000,0x00000087a6100000) (1024K)]
  0x00000272566591a0 JavaThread "Start Level: Equinox Container: 0855d413-dd50-4085-8cff-4fe992a354ba" daemon [_thread_blocked, id=13024, stack(0x00000087a6100000,0x00000087a6200000) (1024K)]
  0x0000027256f79410 JavaThread "Bundle File Closer"         daemon [_thread_blocked, id=18944, stack(0x00000087a6200000,0x00000087a6300000) (1024K)]
  0x0000027256eee6b0 JavaThread "SCR Component Actor"        daemon [_thread_blocked, id=12020, stack(0x00000087a6500000,0x00000087a6600000) (1024K)]
  0x0000027256f48850 JavaThread "SCR Component Registry"     daemon [_thread_blocked, id=14468, stack(0x00000087a6600000,0x00000087a6700000) (1024K)]
  0x0000027256ff0bf0 JavaThread "Worker-JM"                         [_thread_blocked, id=24688, stack(0x00000087a6700000,0x00000087a6800000) (1024K)]
  0x0000027256fefed0 JavaThread "JNA Cleaner"                daemon [_thread_blocked, id=3604, stack(0x00000087a5600000,0x00000087a5700000) (1024K)]
  0x0000027256ff0560 JavaThread "Worker-0"                          [_thread_blocked, id=11704, stack(0x00000087a6800000,0x00000087a6900000) (1024K)]
  0x0000027256fef840 JavaThread "Worker-1: Java indexing... "        [_thread_blocked, id=25228, stack(0x00000087a6900000,0x00000087a6a00000) (1024K)]
  0x00000272577a8930 JavaThread "C2 CompilerThread1"         daemon [_thread_in_native, id=18044, stack(0x00000087a5400000,0x00000087a5500000) (1024K)]
  0x00000272570bc920 JavaThread "C2 CompilerThread2"         daemon [_thread_in_native, id=20908, stack(0x00000087a6a00000,0x00000087a6b00000) (1024K)]
  0x0000027256ff1280 JavaThread "Java indexing"              daemon [_thread_blocked, id=7860, stack(0x00000087a6b00000,0x00000087a6c00000) (1024K)]
  0x0000027256fede00 JavaThread "Worker-2: Repository registry initialization"        [_thread_in_Java, id=8148, stack(0x00000087a6c00000,0x00000087a6d00000) (1024K)]
  0x0000027256fee490 JavaThread "Worker-3: Building"                [_thread_blocked, id=4296, stack(0x00000087a6d00000,0x00000087a6e00000) (1024K)]
  0x0000027256feeb20 JavaThread "Thread-2"                   daemon [_thread_in_native, id=20156, stack(0x00000087a6e00000,0x00000087a6f00000) (1024K)]
  0x0000027256fef1b0 JavaThread "Thread-3"                   daemon [_thread_in_native, id=3288, stack(0x00000087a6f00000,0x00000087a7000000) (1024K)]
  0x0000027258ff7010 JavaThread "Thread-4"                   daemon [_thread_in_native, id=5564, stack(0x00000087a7000000,0x00000087a7100000) (1024K)]
  0x0000027258ff76a0 JavaThread "Thread-5"                   daemon [_thread_in_native, id=24320, stack(0x00000087a7100000,0x00000087a7200000) (1024K)]
  0x0000027258ff3b90 JavaThread "Thread-6"                   daemon [_thread_in_native, id=21036, stack(0x00000087a7200000,0x00000087a7300000) (1024K)]
  0x0000027258ff48b0 JavaThread "Thread-7"                   daemon [_thread_in_native, id=11464, stack(0x00000087a7300000,0x00000087a7400000) (1024K)]
  0x0000027258ff4220 JavaThread "Thread-8"                   daemon [_thread_in_native, id=23336, stack(0x00000087a7400000,0x00000087a7500000) (1024K)]
  0x0000027258ff4f40 JavaThread "Thread-9"                   daemon [_thread_in_native, id=24328, stack(0x00000087a7500000,0x00000087a7600000) (1024K)]
  0x0000027258ff7d30 JavaThread "Thread-10"                  daemon [_thread_in_native, id=2704, stack(0x00000087a7600000,0x00000087a7700000) (1024K)]
  0x0000027258ff9e00 JavaThread "Thread-11"                  daemon [_thread_in_native, id=7528, stack(0x00000087a7700000,0x00000087a7800000) (1024K)]
  0x0000027258ff2e70 JavaThread "Thread-12"                  daemon [_thread_in_native, id=22436, stack(0x00000087a7800000,0x00000087a7900000) (1024K)]
  0x0000027258ff83c0 JavaThread "Thread-13"                  daemon [_thread_in_native, id=22388, stack(0x00000087a7900000,0x00000087a7a00000) (1024K)]
  0x0000027258ff8a50 JavaThread "Thread-14"                  daemon [_thread_in_native, id=4988, stack(0x00000087a7a00000,0x00000087a7b00000) (1024K)]
  0x0000027258ff5c60 JavaThread "pool-2-thread-1"                   [_thread_blocked, id=1608, stack(0x00000087a7b00000,0x00000087a7c00000) (1024K)]
  0x0000027258ff62f0 JavaThread "Worker-4"                          [_thread_blocked, id=21572, stack(0x00000087a7c00000,0x00000087a7d00000) (1024K)]
  0x0000027258ff55d0 JavaThread "Worker-5"                          [_thread_blocked, id=25580, stack(0x00000087a7d00000,0x00000087a7e00000) (1024K)]
  0x0000027258ff6980 JavaThread "WorkspaceEventsHandler"            [_thread_blocked, id=25232, stack(0x00000087a7e00000,0x00000087a7f00000) (1024K)]
  0x0000027258ff9770 JavaThread "pool-1-thread-1"                   [_thread_blocked, id=24344, stack(0x00000087a7f00000,0x00000087a8000000) (1024K)]
Total: 45

Other Threads:
  0x00000272509b10a0 VMThread "VM Thread"                           [id=24596, stack(0x00000087a4a00000,0x00000087a4b00000) (1024K)]
  0x000002727f3dca00 WatcherThread "VM Periodic Task Thread"        [id=23728, stack(0x00000087a4900000,0x00000087a4a00000) (1024K)]
  0x0000027279fd2af0 WorkerThread "GC Thread#0"                     [id=17544, stack(0x00000087a4800000,0x00000087a4900000) (1024K)]
  0x0000027256198e90 WorkerThread "GC Thread#1"                     [id=17532, stack(0x00000087a5700000,0x00000087a5800000) (1024K)]
  0x000002725619b6c0 WorkerThread "GC Thread#2"                     [id=13964, stack(0x00000087a5800000,0x00000087a5900000) (1024K)]
  0x000002725619ba60 WorkerThread "GC Thread#3"                     [id=24524, stack(0x00000087a5900000,0x00000087a5a00000) (1024K)]
  0x000002725619be00 WorkerThread "GC Thread#4"                     [id=844, stack(0x00000087a5a00000,0x00000087a5b00000) (1024K)]
  0x000002725619c1a0 WorkerThread "GC Thread#5"                     [id=9412, stack(0x00000087a5b00000,0x00000087a5c00000) (1024K)]
  0x000002725619c540 WorkerThread "GC Thread#6"                     [id=23120, stack(0x00000087a5c00000,0x00000087a5d00000) (1024K)]
  0x000002725689a730 WorkerThread "GC Thread#7"                     [id=23556, stack(0x00000087a5f00000,0x00000087a6000000) (1024K)]
  0x0000027256d38be0 WorkerThread "GC Thread#8"                     [id=192, stack(0x00000087a6300000,0x00000087a6400000) (1024K)]
  0x0000027256d37d60 WorkerThread "GC Thread#9"                     [id=19768, stack(0x00000087a6400000,0x00000087a6500000) (1024K)]
Total: 12

Threads with active compile tasks:
C2 CompilerThread0  6713 4903   !   4       org.eclipse.osgi.internal.loader.classpath.ClasspathManager::findClassImpl (308 bytes)
C1 CompilerThread0  6713 5801       2       sun.reflect.annotation.AnnotationParser::parseAnnotations2 (135 bytes)
C2 CompilerThread1  6713 5159       4       java.lang.String::<init> (10 bytes)
C2 CompilerThread2  6713 5523       4       jdk.internal.jimage.ImageLocation::getFullName (109 bytes)
Total: 4

VM state: not at safepoint (normal execution)

VM Mutex/Monitor currently owned by a thread: None

Heap address: 0x00000000c0000000, size: 1024 MB, Compressed Oops mode: 32-bit

CDS archive(s) mapped at: [0x000002720f000000-0x000002720fba0000-0x000002720fba0000), size 12189696, SharedBaseAddress: 0x000002720f000000, ArchiveRelocationMode: 1.
Compressed class space mapped at: 0x0000027210000000-0x0000027250000000, reserved size: 1073741824
Narrow klass base: 0x000002720f000000, Narrow klass shift: 0, Narrow klass range: 0x100000000

GC Precious Log:
 CardTable entry size: 512
 CPUs: 12 total, 12 available
 Memory: 15711M
 Large Page Support: Disabled
 NUMA Support: Disabled
 Compressed Oops: Enabled (32-bit)
 Alignments: Space 512K, Generation 512K, Heap 2M
 Heap Min Capacity: 100M
 Heap Initial Capacity: 100M
 Heap Max Capacity: 1G
 Pre-touch: Disabled
 Parallel Workers: 10

Heap:
 PSYoungGen      total 24064K, used 2216K [0x00000000eab00000, 0x00000000ec580000, 0x0000000100000000)
  eden space 22016K, 2% used [0x00000000eab00000,0x00000000eab82938,0x00000000ec080000)
  from space 2048K, 82% used [0x00000000ec380000,0x00000000ec5277c0,0x00000000ec580000)
  to   space 2048K, 0% used [0x00000000ec180000,0x00000000ec180000,0x00000000ec380000)
 ParOldGen       total 68608K, used 30716K [0x00000000c0000000, 0x00000000c4300000, 0x00000000eab00000)
  object space 68608K, 44% used [0x00000000c0000000,0x00000000c1dff030,0x00000000c4300000)
 Metaspace       used 42793K, committed 44032K, reserved 1114112K
  class space    used 4416K, committed 4992K, reserved 1048576K

Card table byte_map: [0x0000027279950000,0x0000027279b60000] _byte_map_base: 0x0000027279350000

Marking Bits: (ParMarkBitMap*) 0x00007ffd43f62250
 Begin Bits: [0x000002727d300000, 0x000002727e300000)
 End Bits:   [0x000002727e300000, 0x000002727f300000)

Polling page: 0x0000027277f20000

Metaspace:

Usage:
  Non-class:     37.48 MB used.
      Class:      4.31 MB used.
       Both:     41.79 MB used.

Virtual space:
  Non-class space:       64.00 MB reserved,      38.12 MB ( 60%) committed,  1 nodes.
      Class space:        1.00 GB reserved,       4.88 MB ( <1%) committed,  1 nodes.
             Both:        1.06 GB reserved,      43.00 MB (  4%) committed. 

Chunk freelists:
   Non-Class:  9.86 MB
       Class:  11.08 MB
        Both:  20.94 MB

MaxMetaspaceSize: unlimited
CompressedClassSpaceSize: 1.00 GB
Initial GC threshold: 21.00 MB
Current GC threshold: 58.38 MB
CDS: on
 - commit_granule_bytes: 65536.
 - commit_granule_words: 8192.
 - virtual_space_node_default_size: 8388608.
 - enlarge_chunks_in_place: 1.
 - use_allocation_guard: 0.


Internal statistics:

num_allocs_failed_limit: 6.
num_arena_births: 938.
num_arena_deaths: 14.
num_vsnodes_births: 2.
num_vsnodes_deaths: 0.
num_space_committed: 688.
num_space_uncommitted: 0.
num_chunks_returned_to_freelist: 20.
num_chunks_taken_from_freelist: 2962.
num_chunk_merges: 12.
num_chunk_splits: 1772.
num_chunks_enlarged: 889.
num_inconsistent_stats: 0.

CodeHeap 'non-profiled nmethods': size=120000Kb used=2332Kb max_used=2332Kb free=117667Kb
 bounds [0x0000027207ad0000, 0x0000027207d40000, 0x000002720f000000]
CodeHeap 'profiled nmethods': size=120000Kb used=10146Kb max_used=10157Kb free=109853Kb
 bounds [0x0000027200000000, 0x0000027200a00000, 0x0000027207530000]
CodeHeap 'non-nmethods': size=5760Kb used=1381Kb max_used=1435Kb free=4378Kb
 bounds [0x0000027207530000, 0x00000272077a0000, 0x0000027207ad0000]
 total_blobs=5783 nmethods=5096 adapters=592
 compilation: enabled
              stopped_count=0, restarted_count=0
 full_count=0

Compilation events (20 events):
Event: 6.684 Thread 0x0000027250a0f700 5782       2       jdk.internal.org.objectweb.asm.Edge::<init> (20 bytes)
Event: 6.684 Thread 0x0000027250a0f700 nmethod 5782 0x000002720010a510 code [0x000002720010a6a0, 0x000002720010a7d8]
Event: 6.684 Thread 0x0000027250a0f700 5775       2       java.util.Arrays$ArrayList::iterator (12 bytes)
Event: 6.685 Thread 0x0000027250a0f700 nmethod 5775 0x0000027200147a90 code [0x0000027200147c20, 0x0000027200147da8]
Event: 6.685 Thread 0x0000027250a0f700 5776       2       java.util.Arrays$ArrayItr::<init> (10 bytes)
Event: 6.685 Thread 0x0000027250a0f700 nmethod 5776 0x0000027200147710 code [0x00000272001478a0, 0x00000272001479c0]
Event: 6.685 Thread 0x0000027250a0f700 5791       1       java.util.stream.ReduceOps$Box::get (5 bytes)
Event: 6.685 Thread 0x0000027250a0f700 nmethod 5791 0x0000027207bbd590 code [0x0000027207bbd720, 0x0000027207bbd7e8]
Event: 6.685 Thread 0x0000027250a0f700 5783       1       java.util.stream.Collectors$CollectorImpl::supplier (5 bytes)
Event: 6.685 Thread 0x0000027250a0f700 nmethod 5783 0x0000027207bbd290 code [0x0000027207bbd420, 0x0000027207bbd4e8]
Event: 6.685 Thread 0x0000027250a0f700 5784       1       java.util.stream.Collectors$CollectorImpl::accumulator (5 bytes)
Event: 6.685 Thread 0x0000027250a0f700 nmethod 5784 0x0000027207bbcf90 code [0x0000027207bbd120, 0x0000027207bbd1e8]
Event: 6.685 Thread 0x0000027250a0f700 5785       1       java.util.stream.Collectors$CollectorImpl::combiner (5 bytes)
Event: 6.685 Thread 0x0000027250a0f700 nmethod 5785 0x0000027207bbcc90 code [0x0000027207bbce20, 0x0000027207bbcee8]
Event: 6.693 Thread 0x0000027250a0f700 5793       1       org.eclipse.jdt.internal.compiler.classfmt.FieldInfo::getAnnotations (2 bytes)
Event: 6.694 Thread 0x0000027250a0f700 nmethod 5793 0x0000027207bbc990 code [0x0000027207bbcb20, 0x0000027207bbcbf0]
Event: 6.694 Thread 0x0000027250a0f700 5794       1       org.eclipse.jdt.internal.compiler.classfmt.FieldInfo::getTagBits (5 bytes)
Event: 6.694 Thread 0x0000027250a0f700 nmethod 5794 0x0000027207bbc690 code [0x0000027207bbc820, 0x0000027207bbc8e8]
Event: 6.694 Thread 0x0000027250a0f700 5795       2       org.eclipse.jdt.internal.core.search.indexing.BinaryIndexer::extractName (42 bytes)
Event: 6.695 Thread 0x0000027250a0f700 nmethod 5795 0x0000027200147010 code [0x00000272001471e0, 0x00000272001474b0]

GC Heap History (20 events):
Event: 4.732 GC heap before
{Heap before GC invocations=12 (full 1):
 PSYoungGen      total 25600K, used 25287K [0x00000000eab00000, 0x00000000ec900000, 0x0000000100000000)
  eden space 23040K, 99% used [0x00000000eab00000,0x00000000ec17fff0,0x00000000ec180000)
  from space 2560K, 87% used [0x00000000ec680000,0x00000000ec8b1c70,0x00000000ec900000)
  to   space 2560K, 0% used [0x00000000ec400000,0x00000000ec400000,0x00000000ec680000)
 ParOldGen       total 68608K, used 14521K [0x00000000c0000000, 0x00000000c4300000, 0x00000000eab00000)
  object space 68608K, 21% used [0x00000000c0000000,0x00000000c0e2e508,0x00000000c4300000)
 Metaspace       used 31646K, committed 32704K, reserved 1114112K
  class space    used 3072K, committed 3520K, reserved 1048576K
}
Event: 4.735 GC heap after
{Heap after GC invocations=12 (full 1):
 PSYoungGen      total 24576K, used 1932K [0x00000000eab00000, 0x00000000ec700000, 0x0000000100000000)
  eden space 22528K, 0% used [0x00000000eab00000,0x00000000eab00000,0x00000000ec100000)
  from space 2048K, 94% used [0x00000000ec400000,0x00000000ec5e3358,0x00000000ec600000)
  to   space 1024K, 0% used [0x00000000ec600000,0x00000000ec600000,0x00000000ec700000)
 ParOldGen       total 68608K, used 16587K [0x00000000c0000000, 0x00000000c4300000, 0x00000000eab00000)
  object space 68608K, 24% used [0x00000000c0000000,0x00000000c1032c10,0x00000000c4300000)
 Metaspace       used 31646K, committed 32704K, reserved 1114112K
  class space    used 3072K, committed 3520K, reserved 1048576K
}
Event: 5.046 GC heap before
{Heap before GC invocations=13 (full 1):
 PSYoungGen      total 24576K, used 24460K [0x00000000eab00000, 0x00000000ec700000, 0x0000000100000000)
  eden space 22528K, 100% used [0x00000000eab00000,0x00000000ec100000,0x00000000ec100000)
  from space 2048K, 94% used [0x00000000ec400000,0x00000000ec5e3358,0x00000000ec600000)
  to   space 1024K, 0% used [0x00000000ec600000,0x00000000ec600000,0x00000000ec700000)
 ParOldGen       total 68608K, used 16587K [0x00000000c0000000, 0x00000000c4300000, 0x00000000eab00000)
  object space 68608K, 24% used [0x00000000c0000000,0x00000000c1032c10,0x00000000c4300000)
 Metaspace       used 34221K, committed 35392K, reserved 1114112K
  class space    used 3400K, committed 3904K, reserved 1048576K
}
Event: 5.048 GC heap after
{Heap after GC invocations=13 (full 1):
 PSYoungGen      total 23040K, used 1024K [0x00000000eab00000, 0x00000000ec780000, 0x0000000100000000)
  eden space 22016K, 0% used [0x00000000eab00000,0x00000000eab00000,0x00000000ec080000)
  from space 1024K, 100% used [0x00000000ec600000,0x00000000ec700000,0x00000000ec700000)
  to   space 3584K, 0% used [0x00000000ec080000,0x00000000ec080000,0x00000000ec400000)
 ParOldGen       total 68608K, used 18896K [0x00000000c0000000, 0x00000000c4300000, 0x00000000eab00000)
  object space 68608K, 27% used [0x00000000c0000000,0x00000000c1274198,0x00000000c4300000)
 Metaspace       used 34221K, committed 35392K, reserved 1114112K
  class space    used 3400K, committed 3904K, reserved 1048576K
}
Event: 5.107 GC heap before
{Heap before GC invocations=14 (full 1):
 PSYoungGen      total 23040K, used 4254K [0x00000000eab00000, 0x00000000ec780000, 0x0000000100000000)
  eden space 22016K, 14% used [0x00000000eab00000,0x00000000eae27b20,0x00000000ec080000)
  from space 1024K, 100% used [0x00000000ec600000,0x00000000ec700000,0x00000000ec700000)
  to   space 3584K, 0% used [0x00000000ec080000,0x00000000ec080000,0x00000000ec400000)
 ParOldGen       total 68608K, used 18896K [0x00000000c0000000, 0x00000000c4300000, 0x00000000eab00000)
  object space 68608K, 27% used [0x00000000c0000000,0x00000000c1274198,0x00000000c4300000)
 Metaspace       used 34712K, committed 35840K, reserved 1114112K
  class space    used 3456K, committed 3968K, reserved 1048576K
}
Event: 5.108 GC heap after
{Heap after GC invocations=14 (full 1):
 PSYoungGen      total 25600K, used 352K [0x00000000eab00000, 0x00000000ec680000, 0x0000000100000000)
  eden space 22016K, 0% used [0x00000000eab00000,0x00000000eab00000,0x00000000ec080000)
  from space 3584K, 9% used [0x00000000ec080000,0x00000000ec0d8000,0x00000000ec400000)
  to   space 1536K, 0% used [0x00000000ec500000,0x00000000ec500000,0x00000000ec680000)
 ParOldGen       total 68608K, used 19901K [0x00000000c0000000, 0x00000000c4300000, 0x00000000eab00000)
  object space 68608K, 29% used [0x00000000c0000000,0x00000000c136f488,0x00000000c4300000)
 Metaspace       used 34712K, committed 35840K, reserved 1114112K
  class space    used 3456K, committed 3968K, reserved 1048576K
}
Event: 5.108 GC heap before
{Heap before GC invocations=15 (full 2):
 PSYoungGen      total 25600K, used 352K [0x00000000eab00000, 0x00000000ec680000, 0x0000000100000000)
  eden space 22016K, 0% used [0x00000000eab00000,0x00000000eab00000,0x00000000ec080000)
  from space 3584K, 9% used [0x00000000ec080000,0x00000000ec0d8000,0x00000000ec400000)
  to   space 1536K, 0% used [0x00000000ec500000,0x00000000ec500000,0x00000000ec680000)
 ParOldGen       total 68608K, used 19901K [0x00000000c0000000, 0x00000000c4300000, 0x00000000eab00000)
  object space 68608K, 29% used [0x00000000c0000000,0x00000000c136f488,0x00000000c4300000)
 Metaspace       used 34712K, committed 35840K, reserved 1114112K
  class space    used 3456K, committed 3968K, reserved 1048576K
}
Event: 5.134 GC heap after
{Heap after GC invocations=15 (full 2):
 PSYoungGen      total 25600K, used 0K [0x00000000eab00000, 0x00000000ec680000, 0x0000000100000000)
  eden space 22016K, 0% used [0x00000000eab00000,0x00000000eab00000,0x00000000ec080000)
  from space 3584K, 0% used [0x00000000ec080000,0x00000000ec080000,0x00000000ec400000)
  to   space 1536K, 0% used [0x00000000ec500000,0x00000000ec500000,0x00000000ec680000)
 ParOldGen       total 68608K, used 19339K [0x00000000c0000000, 0x00000000c4300000, 0x00000000eab00000)
  object space 68608K, 28% used [0x00000000c0000000,0x00000000c12e2ca8,0x00000000c4300000)
 Metaspace       used 34712K, committed 35840K, reserved 1114112K
  class space    used 3456K, committed 3968K, reserved 1048576K
}
Event: 5.482 GC heap before
{Heap before GC invocations=16 (full 2):
 PSYoungGen      total 25600K, used 22016K [0x00000000eab00000, 0x00000000ec680000, 0x0000000100000000)
  eden space 22016K, 100% used [0x00000000eab00000,0x00000000ec080000,0x00000000ec080000)
  from space 3584K, 0% used [0x00000000ec080000,0x00000000ec080000,0x00000000ec400000)
  to   space 1536K, 0% used [0x00000000ec500000,0x00000000ec500000,0x00000000ec680000)
 ParOldGen       total 68608K, used 19339K [0x00000000c0000000, 0x00000000c4300000, 0x00000000eab00000)
  object space 68608K, 28% used [0x00000000c0000000,0x00000000c12e2ca8,0x00000000c4300000)
 Metaspace       used 36838K, committed 38016K, reserved 1114112K
  class space    used 3728K, committed 4224K, reserved 1048576K
}
Event: 5.484 GC heap after
{Heap after GC invocations=16 (full 2):
 PSYoungGen      total 23552K, used 1536K [0x00000000eab00000, 0x00000000ec680000, 0x0000000100000000)
  eden space 22016K, 0% used [0x00000000eab00000,0x00000000eab00000,0x00000000ec080000)
  from space 1536K, 100% used [0x00000000ec500000,0x00000000ec680000,0x00000000ec680000)
  to   space 3072K, 0% used [0x00000000ec080000,0x00000000ec080000,0x00000000ec380000)
 ParOldGen       total 68608K, used 20152K [0x00000000c0000000, 0x00000000c4300000, 0x00000000eab00000)
  object space 68608K, 29% used [0x00000000c0000000,0x00000000c13ae1c8,0x00000000c4300000)
 Metaspace       used 36838K, committed 38016K, reserved 1114112K
  class space    used 3728K, committed 4224K, reserved 1048576K
}
Event: 5.812 GC heap before
{Heap before GC invocations=17 (full 2):
 PSYoungGen      total 23552K, used 23552K [0x00000000eab00000, 0x00000000ec680000, 0x0000000100000000)
  eden space 22016K, 100% used [0x00000000eab00000,0x00000000ec080000,0x00000000ec080000)
  from space 1536K, 100% used [0x00000000ec500000,0x00000000ec680000,0x00000000ec680000)
  to   space 3072K, 0% used [0x00000000ec080000,0x00000000ec080000,0x00000000ec380000)
 ParOldGen       total 68608K, used 20152K [0x00000000c0000000, 0x00000000c4300000, 0x00000000eab00000)
  object space 68608K, 29% used [0x00000000c0000000,0x00000000c13ae1c8,0x00000000c4300000)
 Metaspace       used 38282K, committed 39488K, reserved 1114112K
  class space    used 3915K, committed 4416K, reserved 1048576K
}
Event: 5.813 GC heap after
{Heap after GC invocations=17 (full 2):
 PSYoungGen      total 24064K, used 1976K [0x00000000eab00000, 0x00000000ec580000, 0x0000000100000000)
  eden space 22016K, 0% used [0x00000000eab00000,0x00000000eab00000,0x00000000ec080000)
  from space 2048K, 96% used [0x00000000ec080000,0x00000000ec26e280,0x00000000ec280000)
  to   space 2560K, 0% used [0x00000000ec300000,0x00000000ec300000,0x00000000ec580000)
 ParOldGen       total 68608K, used 21514K [0x00000000c0000000, 0x00000000c4300000, 0x00000000eab00000)
  object space 68608K, 31% used [0x00000000c0000000,0x00000000c1502b58,0x00000000c4300000)
 Metaspace       used 38282K, committed 39488K, reserved 1114112K
  class space    used 3915K, committed 4416K, reserved 1048576K
}
Event: 6.019 GC heap before
{Heap before GC invocations=18 (full 2):
 PSYoungGen      total 24064K, used 23992K [0x00000000eab00000, 0x00000000ec580000, 0x0000000100000000)
  eden space 22016K, 100% used [0x00000000eab00000,0x00000000ec080000,0x00000000ec080000)
  from space 2048K, 96% used [0x00000000ec080000,0x00000000ec26e280,0x00000000ec280000)
  to   space 2560K, 0% used [0x00000000ec300000,0x00000000ec300000,0x00000000ec580000)
 ParOldGen       total 68608K, used 21514K [0x00000000c0000000, 0x00000000c4300000, 0x00000000eab00000)
  object space 68608K, 31% used [0x00000000c0000000,0x00000000c1502b58,0x00000000c4300000)
 Metaspace       used 38959K, committed 40192K, reserved 1114112K
  class space    used 4003K, committed 4544K, reserved 1048576K
}
Event: 6.021 GC heap after
{Heap after GC invocations=18 (full 2):
 PSYoungGen      total 24064K, used 1771K [0x00000000eab00000, 0x00000000ec500000, 0x0000000100000000)
  eden space 22016K, 0% used [0x00000000eab00000,0x00000000eab00000,0x00000000ec080000)
  from space 2048K, 86% used [0x00000000ec300000,0x00000000ec4bae40,0x00000000ec500000)
  to   space 2048K, 0% used [0x00000000ec080000,0x00000000ec080000,0x00000000ec280000)
 ParOldGen       total 68608K, used 23235K [0x00000000c0000000, 0x00000000c4300000, 0x00000000eab00000)
  object space 68608K, 33% used [0x00000000c0000000,0x00000000c16b0db8,0x00000000c4300000)
 Metaspace       used 38959K, committed 40192K, reserved 1114112K
  class space    used 4003K, committed 4544K, reserved 1048576K
}
Event: 6.101 GC heap before
{Heap before GC invocations=19 (full 2):
 PSYoungGen      total 24064K, used 23787K [0x00000000eab00000, 0x00000000ec500000, 0x0000000100000000)
  eden space 22016K, 100% used [0x00000000eab00000,0x00000000ec080000,0x00000000ec080000)
  from space 2048K, 86% used [0x00000000ec300000,0x00000000ec4bae40,0x00000000ec500000)
  to   space 2048K, 0% used [0x00000000ec080000,0x00000000ec080000,0x00000000ec280000)
 ParOldGen       total 68608K, used 23235K [0x00000000c0000000, 0x00000000c4300000, 0x00000000eab00000)
  object space 68608K, 33% used [0x00000000c0000000,0x00000000c16b0db8,0x00000000c4300000)
 Metaspace       used 39280K, committed 40448K, reserved 1114112K
  class space    used 4031K, committed 4544K, reserved 1048576K
}
Event: 6.104 GC heap after
{Heap after GC invocations=19 (full 2):
 PSYoungGen      total 24064K, used 2018K [0x00000000eab00000, 0x00000000ec880000, 0x0000000100000000)
  eden space 22016K, 0% used [0x00000000eab00000,0x00000000eab00000,0x00000000ec080000)
  from space 2048K, 98% used [0x00000000ec080000,0x00000000ec278bd0,0x00000000ec280000)
  to   space 4096K, 0% used [0x00000000ec480000,0x00000000ec480000,0x00000000ec880000)
 ParOldGen       total 68608K, used 24867K [0x00000000c0000000, 0x00000000c4300000, 0x00000000eab00000)
  object space 68608K, 36% used [0x00000000c0000000,0x00000000c1848dc8,0x00000000c4300000)
 Metaspace       used 39280K, committed 40448K, reserved 1114112K
  class space    used 4031K, committed 4544K, reserved 1048576K
}
Event: 6.325 GC heap before
{Heap before GC invocations=20 (full 2):
 PSYoungGen      total 24064K, used 24034K [0x00000000eab00000, 0x00000000ec880000, 0x0000000100000000)
  eden space 22016K, 100% used [0x00000000eab00000,0x00000000ec080000,0x00000000ec080000)
  from space 2048K, 98% used [0x00000000ec080000,0x00000000ec278bd0,0x00000000ec280000)
  to   space 4096K, 0% used [0x00000000ec480000,0x00000000ec480000,0x00000000ec880000)
 ParOldGen       total 68608K, used 24867K [0x00000000c0000000, 0x00000000c4300000, 0x00000000eab00000)
  object space 68608K, 36% used [0x00000000c0000000,0x00000000c1848dc8,0x00000000c4300000)
 Metaspace       used 39677K, committed 40896K, reserved 1114112K
  class space    used 4082K, committed 4608K, reserved 1048576K
}
Event: 6.333 GC heap after
{Heap after GC invocations=20 (full 2):
 PSYoungGen      total 24576K, used 2242K [0x00000000eab00000, 0x00000000ec700000, 0x0000000100000000)
  eden space 22016K, 0% used [0x00000000eab00000,0x00000000eab00000,0x00000000ec080000)
  from space 2560K, 87% used [0x00000000ec480000,0x00000000ec6b0800,0x00000000ec700000)
  to   space 3072K, 0% used [0x00000000ec100000,0x00000000ec100000,0x00000000ec400000)
 ParOldGen       total 68608K, used 26700K [0x00000000c0000000, 0x00000000c4300000, 0x00000000eab00000)
  object space 68608K, 38% used [0x00000000c0000000,0x00000000c1a13018,0x00000000c4300000)
 Metaspace       used 39677K, committed 40896K, reserved 1114112K
  class space    used 4082K, committed 4608K, reserved 1048576K
}
Event: 6.474 GC heap before
{Heap before GC invocations=21 (full 2):
 PSYoungGen      total 24576K, used 23909K [0x00000000eab00000, 0x00000000ec700000, 0x0000000100000000)
  eden space 22016K, 98% used [0x00000000eab00000,0x00000000ec028c80,0x00000000ec080000)
  from space 2560K, 87% used [0x00000000ec480000,0x00000000ec6b0800,0x00000000ec700000)
  to   space 3072K, 0% used [0x00000000ec100000,0x00000000ec100000,0x00000000ec400000)
 ParOldGen       total 68608K, used 26700K [0x00000000c0000000, 0x00000000c4300000, 0x00000000eab00000)
  object space 68608K, 38% used [0x00000000c0000000,0x00000000c1a13018,0x00000000c4300000)
 Metaspace       used 40626K, committed 41856K, reserved 1114112K
  class space    used 4179K, committed 4736K, reserved 1048576K
}
Event: 6.477 GC heap after
{Heap after GC invocations=21 (full 2):
 PSYoungGen      total 24576K, used 2550K [0x00000000eab00000, 0x00000000ec680000, 0x0000000100000000)
  eden space 22016K, 0% used [0x00000000eab00000,0x00000000eab00000,0x00000000ec080000)
  from space 2560K, 99% used [0x00000000ec100000,0x00000000ec37da80,0x00000000ec380000)
  to   space 3072K, 0% used [0x00000000ec380000,0x00000000ec380000,0x00000000ec680000)
 ParOldGen       total 68608K, used 28661K [0x00000000c0000000, 0x00000000c4300000, 0x00000000eab00000)
  object space 68608K, 41% used [0x00000000c0000000,0x00000000c1bfd7e0,0x00000000c4300000)
 Metaspace       used 40626K, committed 41856K, reserved 1114112K
  class space    used 4179K, committed 4736K, reserved 1048576K
}

Dll operation events (10 events):
Event: 0.016 Loaded shared library c:\Users\yexen\.vscode\extensions\redhat.java-1.39.0-win32-x64\jre\21.0.5-win32-x86_64\bin\java.dll
Event: 0.093 Loaded shared library c:\Users\yexen\.vscode\extensions\redhat.java-1.39.0-win32-x64\jre\21.0.5-win32-x86_64\bin\zip.dll
Event: 0.127 Loaded shared library C:\Users\yexen\.vscode\extensions\redhat.java-1.39.0-win32-x64\jre\21.0.5-win32-x86_64\bin\instrument.dll
Event: 0.132 Loaded shared library C:\Users\yexen\.vscode\extensions\redhat.java-1.39.0-win32-x64\jre\21.0.5-win32-x86_64\bin\net.dll
Event: 0.134 Loaded shared library C:\Users\yexen\.vscode\extensions\redhat.java-1.39.0-win32-x64\jre\21.0.5-win32-x86_64\bin\nio.dll
Event: 0.137 Loaded shared library C:\Users\yexen\.vscode\extensions\redhat.java-1.39.0-win32-x64\jre\21.0.5-win32-x86_64\bin\zip.dll
Event: 0.169 Loaded shared library C:\Users\yexen\.vscode\extensions\redhat.java-1.39.0-win32-x64\jre\21.0.5-win32-x86_64\bin\jimage.dll
Event: 0.256 Loaded shared library c:\Users\yexen\.vscode\extensions\redhat.java-1.39.0-win32-x64\jre\21.0.5-win32-x86_64\bin\verify.dll
Event: 1.357 Loaded shared library C:\Users\yexen\AppData\Roaming\Code\User\globalStorage\redhat.java\1.39.0\config_win\org.eclipse.equinox.launcher\org.eclipse.equinox.launcher.win32.win32.x86_64_1.2.1100.v20240722-2106\eclipse_11904.dll
Event: 3.070 Loaded shared library C:\Users\yexen\AppData\Local\Temp\jna-114873493\jna15873937051068591368.dll

Deoptimization events (20 events):
Event: 6.673 Thread 0x0000027256fee490 DEOPT PACKING pc=0x000002720099bb06 sp=0x00000087a6dfdb10
Event: 6.673 Thread 0x0000027256fee490 DEOPT UNPACKING pc=0x0000027207584242 sp=0x00000087a6dfcff8 mode 0
Event: 6.673 Thread 0x0000027256fee490 DEOPT PACKING pc=0x000002720099bb06 sp=0x00000087a6dfdb10
Event: 6.673 Thread 0x0000027256fee490 DEOPT UNPACKING pc=0x0000027207584242 sp=0x00000087a6dfcff8 mode 0
Event: 6.673 Thread 0x0000027256fee490 DEOPT PACKING pc=0x00000272009bdf26 sp=0x00000087a6dfdb00
Event: 6.673 Thread 0x0000027256fee490 DEOPT UNPACKING pc=0x0000027207584242 sp=0x00000087a6dfcff0 mode 0
Event: 6.673 Thread 0x0000027256fee490 DEOPT PACKING pc=0x000002720099bb06 sp=0x00000087a6dfdb10
Event: 6.673 Thread 0x0000027256fee490 DEOPT UNPACKING pc=0x0000027207584242 sp=0x00000087a6dfcff8 mode 0
Event: 6.673 Thread 0x0000027256fee490 DEOPT PACKING pc=0x00000272009bdf26 sp=0x00000087a6dfdb00
Event: 6.673 Thread 0x0000027256fee490 DEOPT UNPACKING pc=0x0000027207584242 sp=0x00000087a6dfcff0 mode 0
Event: 6.674 Thread 0x0000027256fee490 DEOPT PACKING pc=0x000002720099bb06 sp=0x00000087a6dfdb10
Event: 6.674 Thread 0x0000027256fee490 DEOPT UNPACKING pc=0x0000027207584242 sp=0x00000087a6dfcff8 mode 0
Event: 6.674 Thread 0x0000027256fee490 DEOPT PACKING pc=0x00000272009bdf26 sp=0x00000087a6dfdb00
Event: 6.674 Thread 0x0000027256fee490 DEOPT UNPACKING pc=0x0000027207584242 sp=0x00000087a6dfcff0 mode 0
Event: 6.674 Thread 0x0000027256fee490 DEOPT PACKING pc=0x00000272009bdf26 sp=0x00000087a6dfdb00
Event: 6.674 Thread 0x0000027256fee490 DEOPT UNPACKING pc=0x0000027207584242 sp=0x00000087a6dfcff0 mode 0
Event: 6.674 Thread 0x0000027256fee490 DEOPT PACKING pc=0x000002720099bb06 sp=0x00000087a6dfdb10
Event: 6.674 Thread 0x0000027256fee490 DEOPT UNPACKING pc=0x0000027207584242 sp=0x00000087a6dfcff8 mode 0
Event: 6.675 Thread 0x0000027256fee490 DEOPT PACKING pc=0x00000272009bdf26 sp=0x00000087a6dfdb00
Event: 6.675 Thread 0x0000027256fee490 DEOPT UNPACKING pc=0x0000027207584242 sp=0x00000087a6dfcff0 mode 0

Classes loaded (20 events):
Event: 5.499 Loading class java/time/Year
Event: 5.499 Loading class java/time/Year done
Event: 5.599 Loading class sun/reflect/generics/repository/FieldRepository
Event: 5.599 Loading class sun/reflect/generics/repository/FieldRepository done
Event: 5.600 Loading class java/nio/channels/Channels$ReadableByteChannelImpl
Event: 5.600 Loading class java/nio/channels/Channels$ReadableByteChannelImpl done
Event: 5.603 Loading class java/nio/channels/NonWritableChannelException
Event: 5.603 Loading class java/nio/channels/NonWritableChannelException done
Event: 5.625 Loading class java/util/AbstractList$ListItr
Event: 5.625 Loading class java/util/AbstractList$ListItr done
Event: 5.771 Loading class java/lang/annotation/IncompleteAnnotationException
Event: 5.771 Loading class java/lang/annotation/IncompleteAnnotationException done
Event: 6.400 Loading class java/util/WeakHashMap$KeyIterator
Event: 6.403 Loading class java/util/WeakHashMap$KeyIterator done
Event: 6.618 Loading class sun/reflect/annotation/AnnotatedTypeFactory$AnnotatedParameterizedTypeImpl
Event: 6.618 Loading class java/lang/reflect/AnnotatedParameterizedType
Event: 6.618 Loading class java/lang/reflect/AnnotatedParameterizedType done
Event: 6.618 Loading class sun/reflect/annotation/AnnotatedTypeFactory$AnnotatedParameterizedTypeImpl done
Event: 6.626 Loading class java/lang/invoke/MethodHandleImpl$CountingWrapper
Event: 6.626 Loading class java/lang/invoke/MethodHandleImpl$CountingWrapper done

Classes unloaded (7 events):
Event: 3.664 Thread 0x00000272509b10a0 Unloading class 0x000002721019ec00 'java/lang/invoke/LambdaForm$MH+0x000002721019ec00'
Event: 3.664 Thread 0x00000272509b10a0 Unloading class 0x000002721019e800 'java/lang/invoke/LambdaForm$MH+0x000002721019e800'
Event: 3.664 Thread 0x00000272509b10a0 Unloading class 0x000002721019e400 'java/lang/invoke/LambdaForm$MH+0x000002721019e400'
Event: 3.664 Thread 0x00000272509b10a0 Unloading class 0x000002721019e000 'java/lang/invoke/LambdaForm$MH+0x000002721019e000'
Event: 3.664 Thread 0x00000272509b10a0 Unloading class 0x000002721019dc00 'java/lang/invoke/LambdaForm$BMH+0x000002721019dc00'
Event: 3.664 Thread 0x00000272509b10a0 Unloading class 0x000002721019d800 'java/lang/invoke/LambdaForm$DMH+0x000002721019d800'
Event: 3.664 Thread 0x00000272509b10a0 Unloading class 0x000002721019c400 'java/lang/invoke/LambdaForm$DMH+0x000002721019c400'

Classes redefined (0 events):
No events

Internal exceptions (20 events):
Event: 5.771 Thread 0x0000027256fede00 Exception <a 'java/lang/NoClassDefFoundError'{0x00000000ebe27170}: javax/enterprise/inject/Typed> (0x00000000ebe27170) 
thrown [s\src\hotspot\share\classfile\systemDictionary.cpp, line 301]
Event: 5.773 Thread 0x0000027256ff1280 Exception <a 'java/lang/NoSuchMethodError'{0x00000000ebe989d0}: 'java.lang.Object java.lang.invoke.DirectMethodHandle$Holder.invokeSpecial(java.lang.Object, java.lang.Object, java.lang.Object, java.lang.Object, int)'> (0x00000000ebe989d0) 
thrown [s\src\hotspot\share\interpreter\linkResolver.cpp, line 773]
Event: 5.781 Thread 0x0000027256ff1280 Exception <a 'java/lang/NoSuchMethodError'{0x00000000ebecdd40}: 'java.lang.Object java.lang.invoke.Invokers$Holder.linkToTargetMethod(java.lang.Object, java.lang.Object, int, java.lang.Object)'> (0x00000000ebecdd40) 
thrown [s\src\hotspot\share\interpreter\linkResolver.cpp, line 773]
Event: 5.817 Thread 0x0000027256ff1280 Exception <a 'java/lang/NoSuchMethodError'{0x00000000eab46910}: 'void java.lang.invoke.DirectMethodHandle$Holder.invokeStaticInit(java.lang.Object, java.lang.Object, java.lang.Object)'> (0x00000000eab46910) 
thrown [s\src\hotspot\share\interpreter\linkResolver.cpp, line 773]
Event: 6.405 Thread 0x0000027256ff0560 Exception <a 'java/io/FileNotFoundException'{0x00000000eb8bdea0}> (0x00000000eb8bdea0) 
thrown [s\src\hotspot\share\prims\jni.cpp, line 520]
Event: 6.406 Thread 0x0000027256ff0560 Exception <a 'java/io/FileNotFoundException'{0x00000000eb8beee0}> (0x00000000eb8beee0) 
thrown [s\src\hotspot\share\prims\jni.cpp, line 520]
Event: 6.406 Thread 0x0000027256ff0560 Exception <a 'java/io/FileNotFoundException'{0x00000000eb8bfc70}> (0x00000000eb8bfc70) 
thrown [s\src\hotspot\share\prims\jni.cpp, line 520]
Event: 6.444 Thread 0x0000027256fee490 Exception <a 'sun/nio/fs/WindowsException'{0x00000000ebc5e680}> (0x00000000ebc5e680) 
thrown [s\src\hotspot\share\prims\jni.cpp, line 520]
Event: 6.444 Thread 0x0000027256fee490 Exception <a 'sun/nio/fs/WindowsException'{0x00000000ebc5ecf0}> (0x00000000ebc5ecf0) 
thrown [s\src\hotspot\share\prims\jni.cpp, line 520]
Event: 6.492 Thread 0x0000027256fee490 Exception <a 'sun/nio/fs/WindowsException'{0x00000000eaeb7f38}> (0x00000000eaeb7f38) 
thrown [s\src\hotspot\share\prims\jni.cpp, line 520]
Event: 6.492 Thread 0x0000027256fee490 Exception <a 'sun/nio/fs/WindowsException'{0x00000000eaeb8858}> (0x00000000eaeb8858) 
thrown [s\src\hotspot\share\prims\jni.cpp, line 520]
Event: 6.548 Thread 0x0000027258ff9770 Exception <a 'java/io/FileNotFoundException'{0x00000000eb348a60}> (0x00000000eb348a60) 
thrown [s\src\hotspot\share\prims\jni.cpp, line 520]
Event: 6.601 Thread 0x0000027256fee490 Exception <a 'java/io/FileNotFoundException'{0x00000000eb61d4d8}> (0x00000000eb61d4d8) 
thrown [s\src\hotspot\share\prims\jni.cpp, line 520]
Event: 6.601 Thread 0x0000027256fee490 Exception <a 'java/io/FileNotFoundException'{0x00000000eb61e508}> (0x00000000eb61e508) 
thrown [s\src\hotspot\share\prims\jni.cpp, line 520]
Event: 6.602 Thread 0x0000027256fee490 Exception <a 'java/io/FileNotFoundException'{0x00000000eb6462b0}> (0x00000000eb6462b0) 
thrown [s\src\hotspot\share\prims\jni.cpp, line 520]
Event: 6.602 Thread 0x0000027256fee490 Exception <a 'java/io/FileNotFoundException'{0x00000000eb6478d0}> (0x00000000eb6478d0) 
thrown [s\src\hotspot\share\prims\jni.cpp, line 520]
Event: 6.602 Thread 0x0000027256fee490 Exception <a 'java/io/FileNotFoundException'{0x00000000eb648920}> (0x00000000eb648920) 
thrown [s\src\hotspot\share\prims\jni.cpp, line 520]
Event: 6.622 Thread 0x0000027258ff9770 Exception <a 'java/lang/NoSuchMethodError'{0x00000000eb9bbd08}: 'java.lang.Object java.lang.invoke.DirectMethodHandle$Holder.invokeStatic(java.lang.Object, int, java.lang.Object, java.lang.Object)'> (0x00000000eb9bbd08) 
thrown [s\src\hotspot\share\interpreter\linkResolver.cpp, line 773]
Event: 6.625 Thread 0x0000027258ff9770 Exception <a 'java/lang/NoSuchMethodError'{0x00000000eb9c5d30}: 'java.lang.Object java.lang.invoke.DelegatingMethodHandle$Holder.delegate(java.lang.Object, int, java.lang.Object, java.lang.Object)'> (0x00000000eb9c5d30) 
thrown [s\src\hotspot\share\interpreter\linkResolver.cpp, line 773]
Event: 6.644 Thread 0x0000027258ff9770 Exception <a 'java/lang/NoSuchMethodError'{0x00000000eba0a238}: 'int java.lang.invoke.Invokers$Holder.linkToTargetMethod(java.lang.Object, java.lang.Object, java.lang.Object)'> (0x00000000eba0a238) 
thrown [s\src\hotspot\share\interpreter\linkResolver.cpp, line 773]

ZGC Phase Switch (0 events):
No events

VM Operations (20 events):
Event: 5.626 Executing VM operation: HandshakeAllThreads (Deoptimize)
Event: 5.627 Executing VM operation: HandshakeAllThreads (Deoptimize) done
Event: 5.689 Executing VM operation: HandshakeAllThreads (Deoptimize)
Event: 5.689 Executing VM operation: HandshakeAllThreads (Deoptimize) done
Event: 5.807 Executing VM operation: ParallelGCFailedAllocation (Allocation Failure)
Event: 5.813 Executing VM operation: ParallelGCFailedAllocation (Allocation Failure) done
Event: 6.016 Executing VM operation: ParallelGCFailedAllocation (Allocation Failure)
Event: 6.021 Executing VM operation: ParallelGCFailedAllocation (Allocation Failure) done
Event: 6.101 Executing VM operation: ParallelGCFailedAllocation (Allocation Failure)
Event: 6.104 Executing VM operation: ParallelGCFailedAllocation (Allocation Failure) done
Event: 6.320 Executing VM operation: ParallelGCFailedAllocation (Allocation Failure)
Event: 6.333 Executing VM operation: ParallelGCFailedAllocation (Allocation Failure) done
Event: 6.468 Executing VM operation: ParallelGCFailedAllocation (Allocation Failure)
Event: 6.477 Executing VM operation: ParallelGCFailedAllocation (Allocation Failure) done
Event: 6.520 Executing VM operation: HandshakeAllThreads (Deoptimize)
Event: 6.520 Executing VM operation: HandshakeAllThreads (Deoptimize) done
Event: 6.534 Executing VM operation: HandshakeAllThreads (Deoptimize)
Event: 6.547 Executing VM operation: HandshakeAllThreads (Deoptimize) done
Event: 6.688 Executing VM operation: HandshakeAllThreads (Deoptimize)
Event: 6.691 Executing VM operation: HandshakeAllThreads (Deoptimize) done

Memory protections (0 events):
No events

Nmethod flushes (20 events):
Event: 5.121 Thread 0x00000272509b10a0 flushing  nmethod 0x00000272006a3010
Event: 5.121 Thread 0x00000272509b10a0 flushing  nmethod 0x00000272006a4110
Event: 5.121 Thread 0x00000272509b10a0 flushing  nmethod 0x00000272006a4590
Event: 5.121 Thread 0x00000272509b10a0 flushing  nmethod 0x00000272006a4c90
Event: 5.121 Thread 0x00000272509b10a0 flushing  nmethod 0x00000272006a5c10
Event: 5.121 Thread 0x00000272509b10a0 flushing  nmethod 0x00000272006baa10
Event: 5.121 Thread 0x00000272509b10a0 flushing  nmethod 0x00000272006d3e10
Event: 5.121 Thread 0x00000272509b10a0 flushing  nmethod 0x00000272006db110
Event: 5.121 Thread 0x00000272509b10a0 flushing  nmethod 0x00000272006f6810
Event: 5.121 Thread 0x00000272509b10a0 flushing  nmethod 0x00000272006f6c10
Event: 5.121 Thread 0x00000272509b10a0 flushing  nmethod 0x000002720072a110
Event: 5.121 Thread 0x00000272509b10a0 flushing  nmethod 0x0000027200765190
Event: 5.121 Thread 0x00000272509b10a0 flushing  nmethod 0x0000027200782790
Event: 5.121 Thread 0x00000272509b10a0 flushing  nmethod 0x00000272007a8390
Event: 5.121 Thread 0x00000272509b10a0 flushing  nmethod 0x00000272007bfe90
Event: 5.121 Thread 0x00000272509b10a0 flushing  nmethod 0x00000272007c0310
Event: 5.121 Thread 0x00000272509b10a0 flushing  nmethod 0x00000272007c2610
Event: 5.121 Thread 0x00000272509b10a0 flushing  nmethod 0x00000272007c3410
Event: 5.121 Thread 0x00000272509b10a0 flushing  nmethod 0x00000272007c4090
Event: 5.121 Thread 0x00000272509b10a0 flushing  nmethod 0x00000272007c5e90

Events (20 events):
Event: 4.630 Thread 0x0000027256fef840 Thread added: 0x0000027256fede00
Event: 4.684 Thread 0x0000027256fede00 Thread added: 0x0000027256fee490
Event: 4.829 Thread 0x0000027279fb4410 Thread added: 0x0000027256feeb20
Event: 4.829 Thread 0x0000027279fb4410 Thread added: 0x0000027256fef1b0
Event: 4.830 Thread 0x0000027279fb4410 Thread added: 0x0000027258ff7010
Event: 4.830 Thread 0x0000027279fb4410 Thread added: 0x0000027258ff76a0
Event: 4.830 Thread 0x0000027279fb4410 Thread added: 0x0000027258ff3b90
Event: 4.831 Thread 0x0000027279fb4410 Thread added: 0x0000027258ff48b0
Event: 4.831 Thread 0x0000027279fb4410 Thread added: 0x0000027258ff4220
Event: 4.831 Thread 0x0000027279fb4410 Thread added: 0x0000027258ff4f40
Event: 4.831 Thread 0x0000027279fb4410 Thread added: 0x0000027258ff7d30
Event: 4.832 Thread 0x0000027279fb4410 Thread added: 0x0000027258ff9e00
Event: 4.832 Thread 0x0000027279fb4410 Thread added: 0x0000027258ff2e70
Event: 4.832 Thread 0x0000027279fb4410 Thread added: 0x0000027258ff83c0
Event: 4.832 Thread 0x0000027279fb4410 Thread added: 0x0000027258ff8a50
Event: 4.862 Thread 0x0000027279fb4410 Thread added: 0x0000027258ff5c60
Event: 5.147 Thread 0x0000027256fee490 Thread added: 0x0000027258ff62f0
Event: 5.158 Thread 0x0000027256fee490 Thread added: 0x0000027258ff55d0
Event: 5.461 Thread 0x0000027279fb4410 Thread added: 0x0000027258ff6980
Event: 5.462 Thread 0x0000027279fb4410 Thread added: 0x0000027258ff9770


Dynamic libraries:
0x00007ff70b700000 - 0x00007ff70b70e000 	c:\Users\yexen\.vscode\extensions\redhat.java-1.39.0-win32-x64\jre\21.0.5-win32-x86_64\bin\java.exe
0x00007ffdbb3b0000 - 0x00007ffdbb5c7000 	C:\windows\SYSTEM32\ntdll.dll
0x00007ffdb9ed0000 - 0x00007ffdb9f94000 	C:\windows\System32\KERNEL32.DLL
0x00007ffdb8b80000 - 0x00007ffdb8f50000 	C:\windows\System32\KERNELBASE.dll
0x00007ffdb8f50000 - 0x00007ffdb9061000 	C:\windows\System32\ucrtbase.dll
0x00007ffd67390000 - 0x00007ffd673ae000 	c:\Users\yexen\.vscode\extensions\redhat.java-1.39.0-win32-x64\jre\21.0.5-win32-x86_64\bin\VCRUNTIME140.dll
0x00007ffd5ec50000 - 0x00007ffd5ec68000 	c:\Users\yexen\.vscode\extensions\redhat.java-1.39.0-win32-x64\jre\21.0.5-win32-x86_64\bin\jli.dll
0x00007ffdbb0c0000 - 0x00007ffdbb26e000 	C:\windows\System32\USER32.dll
0x00007ffdb8a30000 - 0x00007ffdb8a56000 	C:\windows\System32\win32u.dll
0x00007ffdad6b0000 - 0x00007ffdad942000 	C:\windows\WinSxS\amd64_microsoft.windows.common-controls_6595b64144ccf1df_6.0.22621.4830_none_270fe7d773858e80\COMCTL32.dll
0x00007ffdb94b0000 - 0x00007ffdb9557000 	C:\windows\System32\msvcrt.dll
0x00007ffdbb270000 - 0x00007ffdbb299000 	C:\windows\System32\GDI32.dll
0x00007ffdb8a60000 - 0x00007ffdb8b7b000 	C:\windows\System32\gdi32full.dll
0x00007ffdb8760000 - 0x00007ffdb87fa000 	C:\windows\System32\msvcp_win.dll
0x00007ffdba610000 - 0x00007ffdba641000 	C:\windows\System32\IMM32.DLL
0x00007ffd9f220000 - 0x00007ffd9f22c000 	c:\Users\yexen\.vscode\extensions\redhat.java-1.39.0-win32-x64\jre\21.0.5-win32-x86_64\bin\vcruntime140_1.dll
0x00007ffd46270000 - 0x00007ffd462fd000 	c:\Users\yexen\.vscode\extensions\redhat.java-1.39.0-win32-x64\jre\21.0.5-win32-x86_64\bin\msvcp140.dll
0x00007ffd432b0000 - 0x00007ffd4403f000 	c:\Users\yexen\.vscode\extensions\redhat.java-1.39.0-win32-x64\jre\21.0.5-win32-x86_64\bin\server\jvm.dll
0x00007ffdba0b0000 - 0x00007ffdba161000 	C:\windows\System32\ADVAPI32.dll
0x00007ffdbb2c0000 - 0x00007ffdbb367000 	C:\windows\System32\sechost.dll
0x00007ffdb9070000 - 0x00007ffdb9098000 	C:\windows\System32\bcrypt.dll
0x00007ffdba170000 - 0x00007ffdba284000 	C:\windows\System32\RPCRT4.dll
0x00007ffdbacb0000 - 0x00007ffdbad21000 	C:\windows\System32\WS2_32.dll
0x00007ffdb74c0000 - 0x00007ffdb750d000 	C:\windows\SYSTEM32\POWRPROF.dll
0x00007ffdb2c60000 - 0x00007ffdb2c94000 	C:\windows\SYSTEM32\WINMM.dll
0x00007ffdb2160000 - 0x00007ffdb216a000 	C:\windows\SYSTEM32\VERSION.dll
0x00007ffdb74a0000 - 0x00007ffdb74b3000 	C:\windows\SYSTEM32\UMPDC.dll
0x00007ffdb7750000 - 0x00007ffdb7768000 	C:\windows\SYSTEM32\kernel.appcore.dll
0x00007ffd9afa0000 - 0x00007ffd9afaa000 	c:\Users\yexen\.vscode\extensions\redhat.java-1.39.0-win32-x64\jre\21.0.5-win32-x86_64\bin\jimage.dll
0x00007ffdaed70000 - 0x00007ffdaefa2000 	C:\windows\SYSTEM32\DBGHELP.DLL
0x00007ffdbad30000 - 0x00007ffdbb0c0000 	C:\windows\System32\combase.dll
0x00007ffdb92c0000 - 0x00007ffdb9397000 	C:\windows\System32\OLEAUT32.dll
0x00007ffda3b50000 - 0x00007ffda3b82000 	C:\windows\SYSTEM32\dbgcore.DLL
0x00007ffdb86e0000 - 0x00007ffdb875b000 	C:\windows\System32\bcryptPrimitives.dll
0x00007ffd8bf10000 - 0x00007ffd8bf1f000 	c:\Users\yexen\.vscode\extensions\redhat.java-1.39.0-win32-x64\jre\21.0.5-win32-x86_64\bin\instrument.dll
0x00007ffd5b7e0000 - 0x00007ffd5b7ff000 	c:\Users\yexen\.vscode\extensions\redhat.java-1.39.0-win32-x64\jre\21.0.5-win32-x86_64\bin\java.dll
0x00007ffdb9650000 - 0x00007ffdb9ec8000 	C:\windows\System32\SHELL32.dll
0x00007ffdb6570000 - 0x00007ffdb6e80000 	C:\windows\SYSTEM32\windows.storage.dll
0x00007ffdb6430000 - 0x00007ffdb656f000 	C:\windows\SYSTEM32\wintypes.dll
0x00007ffdb9fa0000 - 0x00007ffdba0aa000 	C:\windows\System32\SHCORE.dll
0x00007ffdb90a0000 - 0x00007ffdb90fe000 	C:\windows\System32\shlwapi.dll
0x00007ffdb8590000 - 0x00007ffdb85bb000 	C:\windows\SYSTEM32\profapi.dll
0x00007ffd5b7c0000 - 0x00007ffd5b7d8000 	c:\Users\yexen\.vscode\extensions\redhat.java-1.39.0-win32-x64\jre\21.0.5-win32-x86_64\bin\zip.dll
0x00007ffd8bc80000 - 0x00007ffd8bc90000 	C:\Users\yexen\.vscode\extensions\redhat.java-1.39.0-win32-x64\jre\21.0.5-win32-x86_64\bin\net.dll
0x00007ffdb4480000 - 0x00007ffdb45ac000 	C:\windows\SYSTEM32\WINHTTP.dll
0x00007ffdb7bd0000 - 0x00007ffdb7c3a000 	C:\windows\system32\mswsock.dll
0x00007ffd5b7a0000 - 0x00007ffd5b7b6000 	C:\Users\yexen\.vscode\extensions\redhat.java-1.39.0-win32-x64\jre\21.0.5-win32-x86_64\bin\nio.dll
0x00007ffd8ba60000 - 0x00007ffd8ba70000 	c:\Users\yexen\.vscode\extensions\redhat.java-1.39.0-win32-x64\jre\21.0.5-win32-x86_64\bin\verify.dll
0x00007ffcc0590000 - 0x00007ffcc05d5000 	C:\Users\yexen\AppData\Roaming\Code\User\globalStorage\redhat.java\1.39.0\config_win\org.eclipse.equinox.launcher\org.eclipse.equinox.launcher.win32.win32.x86_64_1.2.1100.v20240722-2106\eclipse_11904.dll
0x00007ffdba410000 - 0x00007ffdba5b1000 	C:\windows\System32\ole32.dll
0x00007ffdb7e50000 - 0x00007ffdb7e6b000 	C:\windows\SYSTEM32\CRYPTSP.dll
0x00007ffdb76b0000 - 0x00007ffdb76e5000 	C:\windows\system32\rsaenh.dll
0x00007ffdb7ca0000 - 0x00007ffdb7cc8000 	C:\windows\SYSTEM32\USERENV.dll
0x00007ffdb7e40000 - 0x00007ffdb7e4c000 	C:\windows\SYSTEM32\CRYPTBASE.dll
0x00007ffdb7190000 - 0x00007ffdb71bd000 	C:\windows\SYSTEM32\IPHLPAPI.DLL
0x00007ffdba770000 - 0x00007ffdba779000 	C:\windows\System32\NSI.dll
0x00007ffcc0460000 - 0x00007ffcc04a9000 	C:\Users\yexen\AppData\Local\Temp\jna-114873493\jna15873937051068591368.dll
0x00007ffdbaca0000 - 0x00007ffdbaca8000 	C:\windows\System32\PSAPI.DLL
0x00007ffdb3150000 - 0x00007ffdb3169000 	C:\windows\SYSTEM32\dhcpcsvc6.DLL
0x00007ffdb3100000 - 0x00007ffdb311f000 	C:\windows\SYSTEM32\dhcpcsvc.DLL

dbghelp: loaded successfully - version: 4.0.5 - missing functions: none
symbol engine: initialized successfully - sym options: 0x614 - pdb path: .;c:\Users\yexen\.vscode\extensions\redhat.java-1.39.0-win32-x64\jre\21.0.5-win32-x86_64\bin;C:\windows\SYSTEM32;C:\windows\WinSxS\amd64_microsoft.windows.common-controls_6595b64144ccf1df_6.0.22621.4830_none_270fe7d773858e80;c:\Users\yexen\.vscode\extensions\redhat.java-1.39.0-win32-x64\jre\21.0.5-win32-x86_64\bin\server;C:\Users\yexen\AppData\Roaming\Code\User\globalStorage\redhat.java\1.39.0\config_win\org.eclipse.equinox.launcher\org.eclipse.equinox.launcher.win32.win32.x86_64_1.2.1100.v20240722-2106;C:\Users\yexen\AppData\Local\Temp\jna-114873493

VM Arguments:
jvm_args: --add-modules=ALL-SYSTEM --add-opens=java.base/java.util=ALL-UNNAMED --add-opens=java.base/java.lang=ALL-UNNAMED --add-opens=java.base/sun.nio.fs=ALL-UNNAMED -Declipse.application=org.eclipse.jdt.ls.core.id1 -Dosgi.bundles.defaultStartLevel=4 -Declipse.product=org.eclipse.jdt.ls.core.product -Djava.import.generatesMetadataFilesAtProjectRoot=false -DDetectVMInstallationsJob.disabled=true -Dfile.encoding=utf8 -XX:+UseParallelGC -XX:GCTimeRatio=4 -XX:AdaptiveSizePolicyWeight=90 -Dsun.zip.disableMemoryMapping=true -Xmx1G -Xms100m -Xlog:disable -javaagent:c:\Users\yexen\.vscode\extensions\redhat.java-1.39.0-win32-x64\lombok\lombok-1.18.34.jar -XX:+HeapDumpOnOutOfMemoryError -XX:HeapDumpPath=c:\Users\yexen\AppData\Roaming\Code\User\workspaceStorage\b7263e92abe41e80149c4a346658a10c\redhat.java -Daether.dependencyCollector.impl=bf 
java_command: c:\Users\yexen\.vscode\extensions\redhat.java-1.39.0-win32-x64\server\plugins\org.eclipse.equinox.launcher_1.6.900.v20240613-2009.jar -configuration c:\Users\yexen\AppData\Roaming\Code\User\globalStorage\redhat.java\1.39.0\config_win -data c:\Users\yexen\AppData\Roaming\Code\User\workspaceStorage\b7263e92abe41e80149c4a346658a10c\redhat.java\jdt_ws --pipe=\\.\pipe\lsp-3543571fcbed2b2592edb3025b553257-sock
java_class_path (initial): c:\Users\yexen\.vscode\extensions\redhat.java-1.39.0-win32-x64\server\plugins\org.eclipse.equinox.launcher_1.6.900.v20240613-2009.jar
Launcher Type: SUN_STANDARD

[Global flags]
    uintx AdaptiveSizePolicyWeight                 = 90                                        {product} {command line}
     intx CICompilerCount                          = 4                                         {product} {ergonomic}
    uintx GCTimeRatio                              = 4                                         {product} {command line}
     bool HeapDumpOnOutOfMemoryError               = true                                   {manageable} {command line}
    ccstr HeapDumpPath                             = c:\Users\yexen\AppData\Roaming\Code\User\workspaceStorage\b7263e92abe41e80149c4a346658a10c\redhat.java         {manageable} {command line}
   size_t InitialHeapSize                          = 104857600                                 {product} {command line}
   size_t MaxHeapSize                              = 1073741824                                {product} {command line}
   size_t MaxNewSize                               = 357564416                                 {product} {ergonomic}
   size_t MinHeapDeltaBytes                        = 524288                                    {product} {ergonomic}
   size_t MinHeapSize                              = 104857600                                 {product} {command line}
   size_t NewSize                                  = 34603008                                  {product} {ergonomic}
    uintx NonNMethodCodeHeapSize                   = 5839372                                {pd product} {ergonomic}
    uintx NonProfiledCodeHeapSize                  = 122909434                              {pd product} {ergonomic}
   size_t OldSize                                  = 70254592                                  {product} {ergonomic}
    uintx ProfiledCodeHeapSize                     = 122909434                              {pd product} {ergonomic}
    uintx ReservedCodeCacheSize                    = 251658240                              {pd product} {ergonomic}
     bool SegmentedCodeCache                       = true                                      {product} {ergonomic}
   size_t SoftMaxHeapSize                          = 1073741824                             {manageable} {ergonomic}
     bool UseCompressedOops                        = true                           {product lp64_product} {ergonomic}
     bool UseLargePagesIndividualAllocation        = false                                  {pd product} {ergonomic}
     bool UseParallelGC                            = true                                      {product} {command line}

Logging:
Log output configuration:
 #0: stdout all=off uptime,level,tags foldmultilines=false
 #1: stderr all=off uptime,level,tags foldmultilines=false

Environment Variables:
JAVA_HOME=C:\Program Files\Java\jdk-17.0.8.1+1
PATH=C:\Program Files\Java\jdk-17.0.8.1+1\bin;C:\windows\system32;C:\windows;C:\windows\System32\Wbem;C:\windows\System32\WindowsPowerShell\v1.0\;C:\windows\System32\OpenSSH\;C:\Program Files (x86)\NVIDIA Corporation\PhysX\Common;C:\Program Files\NVIDIA Corporation\NVIDIA NvDLISR;C:\Program Files\Calibre2\;C:\Program Files\Git\cmd;C:\Program Files\AutoFirma\AutoFirma;C:\Program Files (x86)\Microsoft SQL Server\160\Tools\Binn\;C:\Program Files\Microsoft SQL Server\160\Tools\Binn\;C:\Program Files\Microsoft SQL Server\Client SDK\ODBC\170\Tools\Binn\;C:\Program Files\Microsoft SQL Server\160\DTS\Binn\;C:\Program Files (x86)\Microsoft SQL Server\160\DTS\Binn\;C:\Program Files\Azure Data Studio\bin;C:\Servidor\apache-tomcat-10.1.30\bin;C:\Program Files\MySQL\MySQL Shell 8.0\bin\;C:\Users\yexen\AppData\Local\Microsoft\WindowsApps;C:\Users\yexen\AppData\Local\Programs\Microsoft VS Code\bin;C:\Users\yexen\AppData\Local\GitHubDesktop\bin;C:\Program Files\Azure Data Studio\bin;C:\Program Files\MongoDB\Server\7.0\bin;
USERNAME=yexen
OS=Windows_NT
PROCESSOR_IDENTIFIER=AMD64 Family 25 Model 80 Stepping 0, AuthenticAMD
TMP=C:\Users\yexen\AppData\Local\Temp
TEMP=C:\Users\yexen\AppData\Local\Temp




Periodic native trim disabled

---------------  S Y S T E M  ---------------

OS:
 Windows 11 , 64 bit Build 22621 (10.0.22621.4830)
OS uptime: 0 days 20:43 hours
Hyper-V role detected

CPU: total 12 (initial active 12) (12 cores per cpu, 2 threads per core) family 25 model 80 stepping 0 microcode 0x0, cx8, cmov, fxsr, ht, mmx, 3dnowpref, sse, sse2, sse3, ssse3, sse4a, sse4.1, sse4.2, popcnt, lzcnt, tsc, tscinvbit, avx, avx2, aes, erms, clmul, bmi1, bmi2, adx, sha, fma, vzeroupper, clflush, clflushopt, hv, rdtscp, rdpid, fsrm, f16c, cet_ss
Processor Information for all 12 processors :
  Max Mhz: 3301, Current Mhz: 3301, Mhz Limit: 3301

Memory: 4k page, system-wide physical 15711M (2395M free)
TotalPageFile size 64863M (AvailPageFile size 5M)
current process WorkingSet (physical memory assigned to process): 221M, peak: 221M
current process commit charge ("private bytes"): 304M, peak: 307M

vm_info: OpenJDK 64-Bit Server VM (21.0.5+11-LTS) for windows-amd64 JRE (21.0.5+11-LTS), built on 2024-10-15T00:00:00Z by "admin" with MS VC++ 17.7 (VS2022)

END.
